<?xml version="1.0" encoding="UTF-8"?>
<testsuite xmlns:xsi="http://www.w3.org/2001/XMLSchema-instance" xsi:noNamespaceSchemaLocation="https://maven.apache.org/surefire/maven-surefire-plugin/xsd/surefire-test-report-3.0.xsd" version="3.0" name="runner.TestRunner" time="3.75" tests="0" errors="0" skipped="0" failures="0">
  <properties>
    <property name="sun.desktop" value="windows"/>
    <property name="awt.toolkit" value="sun.awt.windows.WToolkit"/>
    <property name="file.encoding.pkg" value="sun.io"/>
    <property name="java.specification.version" value="1.8"/>
    <property name="sun.cpu.isalist" value="amd64"/>
    <property name="sun.jnu.encoding" value="Cp1252"/>
    <property name="java.class.path" value="C:\Users\abasakk\IdeaProjects\TestCellPhoneFunction\target\test-classes;C:\Users\abasakk\IdeaProjects\TestCellPhoneFunction\target\classes;C:\Users\abasakk\.m2\repository\io\cucumber\cucumber-java\6.10.4\cucumber-java-6.10.4.jar;C:\Users\abasakk\.m2\repository\io\cucumber\cucumber-core\6.10.4\cucumber-core-6.10.4.jar;C:\Users\abasakk\.m2\repository\io\cucumber\cucumber-gherkin\6.10.4\cucumber-gherkin-6.10.4.jar;C:\Users\abasakk\.m2\repository\io\cucumber\cucumber-gherkin-messages\6.10.4\cucumber-gherkin-messages-6.10.4.jar;C:\Users\abasakk\.m2\repository\io\cucumber\messages\15.0.0\messages-15.0.0.jar;C:\Users\abasakk\.m2\repository\io\cucumber\tag-expressions\3.0.1\tag-expressions-3.0.1.jar;C:\Users\abasakk\.m2\repository\io\cucumber\cucumber-expressions\10.3.0\cucumber-expressions-10.3.0.jar;C:\Users\abasakk\.m2\repository\io\cucumber\datatable\3.5.0\datatable-3.5.0.jar;C:\Users\abasakk\.m2\repository\io\cucumber\cucumber-plugin\6.10.4\cucumber-plugin-6.10.4.jar;C:\Users\abasakk\.m2\repository\io\cucumber\docstring\6.10.4\docstring-6.10.4.jar;C:\Users\abasakk\.m2\repository\io\cucumber\html-formatter\13.0.0\html-formatter-13.0.0.jar;C:\Users\abasakk\.m2\repository\io\cucumber\create-meta\4.0.0\create-meta-4.0.0.jar;C:\Users\abasakk\.m2\repository\org\apiguardian\apiguardian-api\1.1.1\apiguardian-api-1.1.1.jar;C:\Users\abasakk\.m2\repository\io\cucumber\cucumber-junit\6.10.4\cucumber-junit-6.10.4.jar;C:\Users\abasakk\.m2\repository\io\cucumber\cucumber-testng\6.10.4\cucumber-testng-6.10.4.jar;C:\Users\abasakk\.m2\repository\org\testng\testng\7.4.0\testng-7.4.0.jar;C:\Users\abasakk\.m2\repository\com\beust\jcommander\1.78\jcommander-1.78.jar;C:\Users\abasakk\.m2\repository\org\webjars\jquery\3.5.1\jquery-3.5.1.jar;C:\Users\abasakk\.m2\repository\junit\junit\4.13.1\junit-4.13.1.jar;C:\Users\abasakk\.m2\repository\org\hamcrest\hamcrest-core\1.3\hamcrest-core-1.3.jar;C:\Users\abasakk\.m2\repository\tech\grasshopper\extentreports-cucumber6-adapter\2.8.2\extentreports-cucumber6-adapter-2.8.2.jar;C:\Users\abasakk\.m2\repository\com\aventstack\extentreports\5.0.6\extentreports-5.0.6.jar;C:\Users\abasakk\.m2\repository\io\reactivex\rxjava3\rxjava\3.0.4\rxjava-3.0.4.jar;C:\Users\abasakk\.m2\repository\org\reactivestreams\reactive-streams\1.0.3\reactive-streams-1.0.3.jar;C:\Users\abasakk\.m2\repository\org\freemarker\freemarker\2.3.30\freemarker-2.3.30.jar;C:\Users\abasakk\.m2\repository\org\projectlombok\lombok\1.18.12\lombok-1.18.12.jar;C:\Users\abasakk\.m2\repository\com\google\code\gson\gson\2.8.6\gson-2.8.6.jar;C:\Users\abasakk\.m2\repository\tech\grasshopper\extent-pdf-report\1.7.2\extent-pdf-report-1.7.2.jar;C:\Users\abasakk\.m2\repository\tech\grasshopper\cucumber-pdf-report\2.2.3\cucumber-pdf-report-2.2.3.jar;C:\Users\abasakk\.m2\repository\org\apache\pdfbox\pdfbox\2.0.22\pdfbox-2.0.22.jar;C:\Users\abasakk\.m2\repository\org\apache\pdfbox\fontbox\2.0.22\fontbox-2.0.22.jar;C:\Users\abasakk\.m2\repository\org\knowm\xchart\xchart\3.8.0\xchart-3.8.0.jar;C:\Users\abasakk\.m2\repository\de\erichseifert\vectorgraphics2d\VectorGraphics2D\0.13\VectorGraphics2D-0.13.jar;C:\Users\abasakk\.m2\repository\de\rototor\pdfbox\graphics2d\0.30\graphics2d-0.30.jar;C:\Users\abasakk\.m2\repository\com\madgag\animated-gif-lib\1.4\animated-gif-lib-1.4.jar;C:\Users\abasakk\.m2\repository\org\yaml\snakeyaml\1.28\snakeyaml-1.28.jar;C:\Users\abasakk\.m2\repository\tech\grasshopper\table-layout\1.2.0\table-layout-1.2.0.jar;C:\Users\abasakk\.m2\repository\org\jsoup\jsoup\1.13.1\jsoup-1.13.1.jar;C:\Users\abasakk\.m2\repository\com\aventstack\klov-reporter\5.0.6\klov-reporter-5.0.6.jar;C:\Users\abasakk\.m2\repository\org\mongodb\bson\3.6.4\bson-3.6.4.jar;C:\Users\abasakk\.m2\repository\org\apache\httpcomponents\httpclient\4.5.2\httpclient-4.5.2.jar;C:\Users\abasakk\.m2\repository\org\apache\httpcomponents\httpcore\4.4.4\httpcore-4.4.4.jar;C:\Users\abasakk\.m2\repository\commons-logging\commons-logging\1.2\commons-logging-1.2.jar;C:\Users\abasakk\.m2\repository\commons-codec\commons-codec\1.9\commons-codec-1.9.jar;C:\Users\abasakk\.m2\repository\org\apache\httpcomponents\httpmime\4.5.2\httpmime-4.5.2.jar;C:\Users\abasakk\.m2\repository\org\mongodb\mongodb-driver\3.3.0\mongodb-driver-3.3.0.jar;C:\Users\abasakk\.m2\repository\org\mongodb\mongodb-driver-core\3.3.0\mongodb-driver-core-3.3.0.jar;"/>
    <property name="java.vm.vendor" value="Amazon.com Inc."/>
    <property name="sun.arch.data.model" value="64"/>
    <property name="user.variant" value=""/>
    <property name="java.vendor.url" value="https://aws.amazon.com/corretto/"/>
    <property name="user.timezone" value="Africa/Harare"/>
    <property name="java.vm.specification.version" value="1.8"/>
    <property name="os.name" value="Windows 10"/>
    <property name="user.country" value="US"/>
    <property name="sun.java.launcher" value="SUN_STANDARD"/>
    <property name="sun.boot.library.path" value="C:\Users\abasakk\.jdks\corretto-1.8.0_322\jre\bin"/>
    <property name="sun.java.command" value="C:\Users\abasakk\AppData\Local\Temp\surefire3468986082253213052\surefirebooter8817775716725860693.jar C:\Users\abasakk\AppData\Local\Temp\surefire3468986082253213052 2022-03-25T16-25-56_043-jvmRun1 surefire5329538030915909095tmp surefire_07576975566271037235tmp"/>
    <property name="surefire.test.class.path" value="C:\Users\abasakk\IdeaProjects\TestCellPhoneFunction\target\test-classes;C:\Users\abasakk\IdeaProjects\TestCellPhoneFunction\target\classes;C:\Users\abasakk\.m2\repository\io\cucumber\cucumber-java\6.10.4\cucumber-java-6.10.4.jar;C:\Users\abasakk\.m2\repository\io\cucumber\cucumber-core\6.10.4\cucumber-core-6.10.4.jar;C:\Users\abasakk\.m2\repository\io\cucumber\cucumber-gherkin\6.10.4\cucumber-gherkin-6.10.4.jar;C:\Users\abasakk\.m2\repository\io\cucumber\cucumber-gherkin-messages\6.10.4\cucumber-gherkin-messages-6.10.4.jar;C:\Users\abasakk\.m2\repository\io\cucumber\messages\15.0.0\messages-15.0.0.jar;C:\Users\abasakk\.m2\repository\io\cucumber\tag-expressions\3.0.1\tag-expressions-3.0.1.jar;C:\Users\abasakk\.m2\repository\io\cucumber\cucumber-expressions\10.3.0\cucumber-expressions-10.3.0.jar;C:\Users\abasakk\.m2\repository\io\cucumber\datatable\3.5.0\datatable-3.5.0.jar;C:\Users\abasakk\.m2\repository\io\cucumber\cucumber-plugin\6.10.4\cucumber-plugin-6.10.4.jar;C:\Users\abasakk\.m2\repository\io\cucumber\docstring\6.10.4\docstring-6.10.4.jar;C:\Users\abasakk\.m2\repository\io\cucumber\html-formatter\13.0.0\html-formatter-13.0.0.jar;C:\Users\abasakk\.m2\repository\io\cucumber\create-meta\4.0.0\create-meta-4.0.0.jar;C:\Users\abasakk\.m2\repository\org\apiguardian\apiguardian-api\1.1.1\apiguardian-api-1.1.1.jar;C:\Users\abasakk\.m2\repository\io\cucumber\cucumber-junit\6.10.4\cucumber-junit-6.10.4.jar;C:\Users\abasakk\.m2\repository\io\cucumber\cucumber-testng\6.10.4\cucumber-testng-6.10.4.jar;C:\Users\abasakk\.m2\repository\org\testng\testng\7.4.0\testng-7.4.0.jar;C:\Users\abasakk\.m2\repository\com\beust\jcommander\1.78\jcommander-1.78.jar;C:\Users\abasakk\.m2\repository\org\webjars\jquery\3.5.1\jquery-3.5.1.jar;C:\Users\abasakk\.m2\repository\junit\junit\4.13.1\junit-4.13.1.jar;C:\Users\abasakk\.m2\repository\org\hamcrest\hamcrest-core\1.3\hamcrest-core-1.3.jar;C:\Users\abasakk\.m2\repository\tech\grasshopper\extentreports-cucumber6-adapter\2.8.2\extentreports-cucumber6-adapter-2.8.2.jar;C:\Users\abasakk\.m2\repository\com\aventstack\extentreports\5.0.6\extentreports-5.0.6.jar;C:\Users\abasakk\.m2\repository\io\reactivex\rxjava3\rxjava\3.0.4\rxjava-3.0.4.jar;C:\Users\abasakk\.m2\repository\org\reactivestreams\reactive-streams\1.0.3\reactive-streams-1.0.3.jar;C:\Users\abasakk\.m2\repository\org\freemarker\freemarker\2.3.30\freemarker-2.3.30.jar;C:\Users\abasakk\.m2\repository\org\projectlombok\lombok\1.18.12\lombok-1.18.12.jar;C:\Users\abasakk\.m2\repository\com\google\code\gson\gson\2.8.6\gson-2.8.6.jar;C:\Users\abasakk\.m2\repository\tech\grasshopper\extent-pdf-report\1.7.2\extent-pdf-report-1.7.2.jar;C:\Users\abasakk\.m2\repository\tech\grasshopper\cucumber-pdf-report\2.2.3\cucumber-pdf-report-2.2.3.jar;C:\Users\abasakk\.m2\repository\org\apache\pdfbox\pdfbox\2.0.22\pdfbox-2.0.22.jar;C:\Users\abasakk\.m2\repository\org\apache\pdfbox\fontbox\2.0.22\fontbox-2.0.22.jar;C:\Users\abasakk\.m2\repository\org\knowm\xchart\xchart\3.8.0\xchart-3.8.0.jar;C:\Users\abasakk\.m2\repository\de\erichseifert\vectorgraphics2d\VectorGraphics2D\0.13\VectorGraphics2D-0.13.jar;C:\Users\abasakk\.m2\repository\de\rototor\pdfbox\graphics2d\0.30\graphics2d-0.30.jar;C:\Users\abasakk\.m2\repository\com\madgag\animated-gif-lib\1.4\animated-gif-lib-1.4.jar;C:\Users\abasakk\.m2\repository\org\yaml\snakeyaml\1.28\snakeyaml-1.28.jar;C:\Users\abasakk\.m2\repository\tech\grasshopper\table-layout\1.2.0\table-layout-1.2.0.jar;C:\Users\abasakk\.m2\repository\org\jsoup\jsoup\1.13.1\jsoup-1.13.1.jar;C:\Users\abasakk\.m2\repository\com\aventstack\klov-reporter\5.0.6\klov-reporter-5.0.6.jar;C:\Users\abasakk\.m2\repository\org\mongodb\bson\3.6.4\bson-3.6.4.jar;C:\Users\abasakk\.m2\repository\org\apache\httpcomponents\httpclient\4.5.2\httpclient-4.5.2.jar;C:\Users\abasakk\.m2\repository\org\apache\httpcomponents\httpcore\4.4.4\httpcore-4.4.4.jar;C:\Users\abasakk\.m2\repository\commons-logging\commons-logging\1.2\commons-logging-1.2.jar;C:\Users\abasakk\.m2\repository\commons-codec\commons-codec\1.9\commons-codec-1.9.jar;C:\Users\abasakk\.m2\repository\org\apache\httpcomponents\httpmime\4.5.2\httpmime-4.5.2.jar;C:\Users\abasakk\.m2\repository\org\mongodb\mongodb-driver\3.3.0\mongodb-driver-3.3.0.jar;C:\Users\abasakk\.m2\repository\org\mongodb\mongodb-driver-core\3.3.0\mongodb-driver-core-3.3.0.jar;"/>
    <property name="sun.cpu.endian" value="little"/>
    <property name="user.home" value="C:\Users\abasakk"/>
    <property name="user.language" value="en"/>
    <property name="java.specification.vendor" value="Oracle Corporation"/>
    <property name="java.home" value="C:\Users\abasakk\.jdks\corretto-1.8.0_322\jre"/>
    <property name="basedir" value="C:\Users\abasakk\IdeaProjects\TestCellPhoneFunction"/>
    <property name="file.separator" value="\"/>
    <property name="line.separator" value="&#10;"/>
    <property name="java.vm.specification.vendor" value="Oracle Corporation"/>
    <property name="java.specification.name" value="Java Platform API Specification"/>
    <property name="java.awt.graphicsenv" value="sun.awt.Win32GraphicsEnvironment"/>
    <property name="surefire.real.class.path" value="C:\Users\abasakk\AppData\Local\Temp\surefire3468986082253213052\surefirebooter8817775716725860693.jar"/>
    <property name="sun.boot.class.path" value="C:\Users\abasakk\.jdks\corretto-1.8.0_322\jre\lib\resources.jar;C:\Users\abasakk\.jdks\corretto-1.8.0_322\jre\lib\rt.jar;C:\Users\abasakk\.jdks\corretto-1.8.0_322\jre\lib\sunrsasign.jar;C:\Users\abasakk\.jdks\corretto-1.8.0_322\jre\lib\jsse.jar;C:\Users\abasakk\.jdks\corretto-1.8.0_322\jre\lib\jce.jar;C:\Users\abasakk\.jdks\corretto-1.8.0_322\jre\lib\charsets.jar;C:\Users\abasakk\.jdks\corretto-1.8.0_322\jre\lib\jfr.jar;C:\Users\abasakk\.jdks\corretto-1.8.0_322\jre\classes"/>
    <property name="user.script" value=""/>
    <property name="sun.management.compiler" value="HotSpot 64-Bit Tiered Compilers"/>
    <property name="java.runtime.version" value="1.8.0_322-b06"/>
    <property name="user.name" value="ABASAKK"/>
    <property name="path.separator" value=";"/>
    <property name="os.version" value="10.0"/>
    <property name="java.endorsed.dirs" value="C:\Users\abasakk\.jdks\corretto-1.8.0_322\jre\lib\endorsed"/>
    <property name="java.runtime.name" value="OpenJDK Runtime Environment"/>
    <property name="file.encoding" value="Cp1252"/>
    <property name="java.vm.name" value="OpenJDK 64-Bit Server VM"/>
    <property name="localRepository" value="C:\Users\abasakk\.m2\repository"/>
    <property name="java.vendor.url.bug" value="https://github.com/corretto/corretto-8/issues/"/>
    <property name="java.io.tmpdir" value="C:\Users\abasakk\AppData\Local\Temp\"/>
    <property name="idea.version" value="2021.3.3"/>
    <property name="java.version" value="1.8.0_322"/>
    <property name="user.dir" value="C:\Users\abasakk\IdeaProjects\TestCellPhoneFunction"/>
    <property name="os.arch" value="amd64"/>
    <property name="java.vm.specification.name" value="Java Virtual Machine Specification"/>
    <property name="java.awt.printerjob" value="sun.awt.windows.WPrinterJob"/>
    <property name="sun.os.patch.level" value=""/>
    <property name="java.library.path" value="C:\Users\abasakk\.jdks\corretto-1.8.0_322\jre\bin;C:\WINDOWS\Sun\Java\bin;C:\WINDOWS\system32;C:\WINDOWS;C:\Program Files (x86)\Common Files\Oracle\Java\javapath;C:\ProgramData\Oracle\Java\javapath;C:\WINDOWS\system32;C:\WINDOWS;C:\WINDOWS\System32\Wbem;C:\WINDOWS\System32\WindowsPowerShell\v1.0\;C:\WINDOWS\System32\OpenSSH\;C:\WINDOWS\CCM;C:\Program Files (x86)\Sennheiser\SenncomSDK\;C:\Program Files (x86)\Microsoft SQL Server\Client SDK\ODBC\130\Tools\Binn\;C:\Program Files (x86)\Microsoft SQL Server\140\Tools\Binn\;C:\Program Files (x86)\Microsoft SQL Server\140\DTS\Binn\;C:\Program Files (x86)\Microsoft SQL Server\140\Tools\Binn\ManagementStudio\;C:\apache-maven-3.8.5-bin\bin;C:\Users\abasakk\AppData\Local\Microsoft\WindowsApps;C:\Users\abasakk\AppData\Local\Programs\Git\cmd;."/>
    <property name="java.vm.info" value="mixed mode"/>
    <property name="java.vendor" value="Amazon.com Inc."/>
    <property name="java.vm.version" value="25.322-b06"/>
    <property name="java.ext.dirs" value="C:\Users\abasakk\.jdks\corretto-1.8.0_322\jre\lib\ext;C:\WINDOWS\Sun\Java\lib\ext"/>
    <property name="sun.io.unicode.encoding" value="UnicodeLittle"/>
    <property name="maven.repo.local" value="C:\Users\abasakk\.m2\repository"/>
    <property name="java.class.version" value="52.0"/>
  </properties>
</testsuite>